<?xml version="1.0" encoding="UTF-8"?>
<!-- Generated by org.testng.reporters.JUnitReportReporter -->
<testsuite skipped="0" hostname="ip-172-31-8-189" name="test.LoginTest" tests="1" failures="0" timestamp="2021-02-22T07:13:14 UTC" time="6.004" errors="0">
  <testcase name="testcase1" time="6.004" classname="test.LoginTest"/>
  <system-out/>
</testsuite> <!-- test.LoginTest -->
