<?xml version="1.0" encoding="UTF-8"?>
<!-- Generated by org.testng.reporters.JUnitReportReporter -->
<testsuite skipped="0" hostname="ip-172-31-8-189" name="test.CrossBrowser" tests="4" failures="0" timestamp="2021-02-25T08:15:51 UTC" time="3007.944" errors="0">
  <testcase name="testcase2" time="3.586" classname="test.CrossBrowser"/>
  <system-out/>
  <testcase name="LaunchChrome" time="2985.577" classname="test.CrossBrowser"/>
  <system-out/>
  <testcase name="testcase1" time="1.834" classname="test.CrossBrowser"/>
  <system-out/>
  <testcase name="Launchfirefox" time="16.947" classname="test.CrossBrowser"/>
  <system-out/>
</testsuite> <!-- test.CrossBrowser -->
